Starting ChromeDriver 74.0.3729.6 (255758eccf3d244491b8a1317aa76e1ce10d57e9-refs/branch-heads/3729@{#29}) on port 9515
Only local connections are allowed.
Please protect ports used by ChromeDriver and related test frameworks to prevent access by malicious code.
[1556683848.214][INFO]: [79b7ee12b3ae8a203802e3f3466b3299] COMMAND InitSession {
   "desiredCapabilities": {
      "acceptSslCerts": true,
      "browserName": "chrome",
      "name": "Index Test",
      "platform": "ANY"
   }
}
[1556683848.222][INFO]: Populating Preferences file: {
   "alternate_error_pages": {
      "enabled": false
   },
   "autofill": {
      "enabled": false
   },
   "browser": {
      "check_default_browser": false
   },
   "distribution": {
      "import_bookmarks": false,
      "import_history": false,
      "import_search_engine": false,
      "make_chrome_default_for_user": false,
      "skip_first_run_ui": true
   },
   "dns_prefetching": {
      "enabled": false
   },
   "profile": {
      "content_settings": {
         "pattern_pairs": {
            "https://*,*": {
               "media-stream": {
                  "audio": "Default",
                  "video": "Default"
               }
            }
         }
      },
      "default_content_setting_values": {
         "geolocation": 1
      },
      "default_content_settings": {
         "geolocation": 1,
         "mouselock": 1,
         "notifications": 1,
         "popups": 1,
         "ppapi-broker": 1
      },
      "password_manager_enabled": false
   },
   "safebrowsing": {
      "enabled": false
   },
   "search": {
      "suggest_enabled": false
   },
   "translate": {
      "enabled": false
   }
}
[1556683848.223][INFO]: Populating Local State file: {
   "background_mode": {
      "enabled": false
   },
   "ssl": {
      "rev_checking": {
         "enabled": false
      }
   }
}
[1556683848.227][INFO]: Launching chrome: /Applications/Google Chrome.app/Contents/MacOS/Google Chrome --disable-background-networking --disable-client-side-phishing-detection --disable-default-apps --disable-hang-monitor --disable-popup-blocking --disable-prompt-on-repost --disable-sync --disable-web-resources --enable-automation --enable-blink-features=ShadowDOMV0 --enable-logging --force-fieldtrials=SiteIsolationExtensions/Control --ignore-certificate-errors --load-extension=/var/folders/d7/m8k_ydj14z59c607g1_tvpvr0000gn/T/.com.google.Chrome.gFUR2s/internal --log-level=0 --no-first-run --password-store=basic --remote-debugging-port=0 --test-type=webdriver --use-mock-keychain --user-data-dir=/var/folders/d7/m8k_ydj14z59c607g1_tvpvr0000gn/T/.com.google.Chrome.22o7iV data:,

DevTools listening on ws://127.0.0.1:51270/devtools/browser/b618f874-36b8-4233-b08a-c5441a1116b9
[1556683848.429][DEBUG]: DevTools HTTP Request: http://localhost:51270/json/version
[1556683849.094][DEBUG]: DevTools HTTP Response: {
   "Browser": "Chrome/74.0.3729.131",
   "Protocol-Version": "1.3",
   "User-Agent": "Mozilla/5.0 (Macintosh; Intel Mac OS X 10_13_6) AppleWebKit/537.36 (KHTML, like Gecko) Chrome/74.0.3729.131 Safari/537.36",
   "V8-Version": "7.4.288.26",
   "WebKit-Version": "537.36 (@518a41c1fa7ce1c8bb5e22346e82e42b4d76a96f)",
   "webSocketDebuggerUrl": "ws://localhost:51270/devtools/browser/b618f874-36b8-4233-b08a-c5441a1116b9"
}

[1556683849.094][DEBUG]: DevTools HTTP Request: http://localhost:51270/json
[1556683849.111][DEBUG]: DevTools HTTP Response: [ {
   "description": "",
   "devtoolsFrontendUrl": "/devtools/inspector.html?ws=localhost:51270/devtools/page/96C12699F34BEAEC7A34AAC6D557802F",
   "id": "96C12699F34BEAEC7A34AAC6D557802F",
   "title": "Chrome Automation Extension",
   "type": "background_page",
   "url": "chrome-extension://aapnijgdinlhnhlmodcfapnahmbfebeb/_generated_background_page.html",
   "webSocketDebuggerUrl": "ws://localhost:51270/devtools/page/96C12699F34BEAEC7A34AAC6D557802F"
}, {
   "description": "",
   "devtoolsFrontendUrl": "/devtools/inspector.html?ws=localhost:51270/devtools/page/2834246B4B664E3C5AC6E56E6B1322D8",
   "id": "2834246B4B664E3C5AC6E56E6B1322D8",
   "title": "",
   "type": "page",
   "url": "data:,",
   "webSocketDebuggerUrl": "ws://localhost:51270/devtools/page/2834246B4B664E3C5AC6E56E6B1322D8"
} ]

[1556683849.111][DEBUG]: DevTools HTTP Request: http://localhost:51270/json
[1556683849.116][DEBUG]: DevTools HTTP Response: [ {
   "description": "",
   "devtoolsFrontendUrl": "/devtools/inspector.html?ws=localhost:51270/devtools/page/96C12699F34BEAEC7A34AAC6D557802F",
   "id": "96C12699F34BEAEC7A34AAC6D557802F",
   "title": "Chrome Automation Extension",
   "type": "background_page",
   "url": "chrome-extension://aapnijgdinlhnhlmodcfapnahmbfebeb/_generated_background_page.html",
   "webSocketDebuggerUrl": "ws://localhost:51270/devtools/page/96C12699F34BEAEC7A34AAC6D557802F"
}, {
   "description": "",
   "devtoolsFrontendUrl": "/devtools/inspector.html?ws=localhost:51270/devtools/page/2834246B4B664E3C5AC6E56E6B1322D8",
   "id": "2834246B4B664E3C5AC6E56E6B1322D8",
   "title": "",
   "type": "page",
   "url": "data:,",
   "webSocketDebuggerUrl": "ws://localhost:51270/devtools/page/2834246B4B664E3C5AC6E56E6B1322D8"
} ]

[1556683849.118][INFO]: resolved localhost to ["::1","127.0.0.1"]
[1556683849.120][DEBUG]: DevTools WebSocket Command: Log.enable (id=1) 2834246B4B664E3C5AC6E56E6B1322D8 {

}
[1556683849.120][DEBUG]: DevTools WebSocket Command: DOM.getDocument (id=2) 2834246B4B664E3C5AC6E56E6B1322D8 {

}
[1556683849.120][DEBUG]: DevTools WebSocket Command: Target.setAutoAttach (id=3) 2834246B4B664E3C5AC6E56E6B1322D8 {
   "autoAttach": true,
   "waitForDebuggerOnStart": false
}
[1556683849.120][DEBUG]: DevTools WebSocket Command: Page.enable (id=4) 2834246B4B664E3C5AC6E56E6B1322D8 {

}
[1556683849.120][DEBUG]: DevTools WebSocket Command: Page.enable (id=5) 2834246B4B664E3C5AC6E56E6B1322D8 {

}
2019-04-30 21:10:49.162 Google Chrome[85387:4447852] Errors logged by ksadmin: KSKeyedPersistentStore store directory does not exist. [com.google.UpdateEngine.CommonErrorDomain:501 - '/Library/Google/GoogleSoftwareUpdate/TicketStore' - 'KSKeyedPersistentStore.m:327']
KSPersistentTicketStore failed to load tickets. (productID: com.google.Chrome) [com.google.UpdateEngine.CoreErrorDomain:1051 - '/Library/Google/GoogleSoftwareUpdate/TicketStore/Keystone.ticketstore'] (KSKeyedPersistentStore store directory does not exist. - '/Library/Google/GoogleSoftwareUpdate/TicketStore' [com.google.UpdateEngine.CommonErrorDomain:501])
ksadmin cannot access the ticket store:<KSUpdateError:0x7fc4f6506eb0
	domain="com.google.UpdateEngine.CoreErrorDomain"
	code=1051
	userInfo={
		function = "-[KSProductKeyedStore(ProtectedMethods) errorForStoreError:productID:message:timeoutMessage:]";
		date = 2019-05-01 04:10:49 +0000;
		productids = {(
			"com.google.Chrome"
		)};
		filename = "KSProductKeyedStore.m";
		line = 102;
		NSFilePath = "/Library/Google/GoogleSoftwareUpdate/TicketStore/Keystone.ticketstore";
		NSUnderlyingError = <KSError:0x7fc4f9000240
			domain="com.google.UpdateEngine.CommonErrorDomain"
			code=501
			userInfo={
				NSLocalizedDescription = "KSKeyedPersistentStore store directory does not exist.";
				line = 327;
				filename = "KSKeyedPersistentStore.m";
				function = "-[KSKeyedPersistentStore(PrivateMethods) validateStorePath]";
				NSFilePath = "/Library/Google/GoogleSoftwareUpdate/TicketStore";
				date = 2019-05-01 04:10:49 +0000;
			}
		>;
		NSLocalizedDescription = "KSPersistentTicketStore failed to load tickets.";
	}
>
[1556683849.193][DEBUG]: DevTools WebSocket Response: Log.enable (id=1) 2834246B4B664E3C5AC6E56E6B1322D8 {

}
[1556683849.193][DEBUG]: DevTools WebSocket Response: DOM.getDocument (id=2) 2834246B4B664E3C5AC6E56E6B1322D8 {
   "root": {
      "backendNodeId": 1,
      "baseURL": "about:blank",
      "childNodeCount": 1,
      "children": [ {
         "attributes": [  ],
         "backendNodeId": 2,
         "childNodeCount": 2,
         "children": [ {
            "attributes": [  ],
            "backendNodeId": 3,
            "childNodeCount": 0,
            "localName": "head",
            "nodeId": 3,
            "nodeName": "HEAD",
            "nodeType": 1,
            "nodeValue": "",
            "parentId": 2
         }, {
            "attributes": [  ],
            "backendNodeId": 4,
            "childNodeCount": 0,
            "localName": "body",
            "nodeId": 4,
            "nodeName": "BODY",
            "nodeType": 1,
            "nodeValue": "",
            "parentId": 2
         } ],
         "frameId": "2834246B4B664E3C5AC6E56E6B1322D8",
         "localName": "html",
         "nodeId": 2,
         "nodeName": "HTML",
         "nodeType": 1,
         "nodeValue": "",
         "parentId": 1
      } ],
      "documentURL": "",
      "localName": "",
      "nodeId": 1,
      "nodeName": "#document",
      "nodeType": 9,
      "nodeValue": "",
      "xmlVersion": ""
   }
}
[1556683849.193][DEBUG]: DevTools WebSocket Response: Target.setAutoAttach (id=3) 2834246B4B664E3C5AC6E56E6B1322D8 {

}
[1556683849.193][DEBUG]: DevTools WebSocket Response: Page.enable (id=4) 2834246B4B664E3C5AC6E56E6B1322D8 {

}
[1556683849.193][DEBUG]: DevTools WebSocket Response: Page.enable (id=5) 2834246B4B664E3C5AC6E56E6B1322D8 {

}
[1556683849.193][DEBUG]: DevTools WebSocket Command: Runtime.enable (id=6) 2834246B4B664E3C5AC6E56E6B1322D8 {

}
[1556683849.205][DEBUG]: DevTools WebSocket Event: Page.frameNavigated 2834246B4B664E3C5AC6E56E6B1322D8 {
   "frame": {
      "id": "2834246B4B664E3C5AC6E56E6B1322D8",
      "loaderId": "B18E3E6BB118FAC25C4EB23C63F60B6F",
      "mimeType": "text/plain",
      "securityOrigin": "://",
      "url": "data:,"
   }
}
[1556683849.207][DEBUG]: DevTools WebSocket Event: DOM.documentUpdated 2834246B4B664E3C5AC6E56E6B1322D8 {

}
[1556683849.207][DEBUG]: DevTools WebSocket Command: DOM.getDocument (id=7) 2834246B4B664E3C5AC6E56E6B1322D8 {

}
[1556683849.207][DEBUG]: DevTools WebSocket Event: Page.loadEventFired 2834246B4B664E3C5AC6E56E6B1322D8 {
   "timestamp": 404128.805264
}
[1556683849.207][DEBUG]: DevTools WebSocket Event: Page.frameStoppedLoading 2834246B4B664E3C5AC6E56E6B1322D8 {
   "frameId": "2834246B4B664E3C5AC6E56E6B1322D8"
}
[1556683849.207][DEBUG]: DevTools WebSocket Event: DOM.documentUpdated 2834246B4B664E3C5AC6E56E6B1322D8 {

}
[1556683849.207][DEBUG]: DevTools WebSocket Command: DOM.getDocument (id=8) 2834246B4B664E3C5AC6E56E6B1322D8 {

}
[1556683849.208][DEBUG]: DevTools WebSocket Event: Page.domContentEventFired 2834246B4B664E3C5AC6E56E6B1322D8 {
   "timestamp": 404128.805846
}
[1556683849.210][DEBUG]: DevTools WebSocket Event: Page.frameResized 2834246B4B664E3C5AC6E56E6B1322D8 {

}
[1556683849.216][DEBUG]: DevTools WebSocket Event: Runtime.executionContextCreated 2834246B4B664E3C5AC6E56E6B1322D8 {
   "context": {
      "auxData": {
         "frameId": "2834246B4B664E3C5AC6E56E6B1322D8",
         "isDefault": true,
         "type": "default"
      },
      "id": 1,
      "name": "",
      "origin": "://"
   }
}
[1556683849.216][DEBUG]: DevTools WebSocket Response: Runtime.enable (id=6) 2834246B4B664E3C5AC6E56E6B1322D8 {

}
[1556683849.216][DEBUG]: DevTools WebSocket Response: DOM.getDocument (id=7) 2834246B4B664E3C5AC6E56E6B1322D8 {
   "root": {
      "backendNodeId": 5,
      "baseURL": "data:,",
      "childNodeCount": 1,
      "children": [ {
         "attributes": [  ],
         "backendNodeId": 6,
         "childNodeCount": 2,
         "children": [ {
            "attributes": [  ],
            "backendNodeId": 7,
            "childNodeCount": 0,
            "localName": "head",
            "nodeId": 7,
            "nodeName": "HEAD",
            "nodeType": 1,
            "nodeValue": "",
            "parentId": 6
         }, {
            "attributes": [  ],
            "backendNodeId": 8,
            "childNodeCount": 0,
            "localName": "body",
            "nodeId": 8,
            "nodeName": "BODY",
            "nodeType": 1,
            "nodeValue": "",
            "parentId": 6
         } ],
         "frameId": "2834246B4B664E3C5AC6E56E6B1322D8",
         "localName": "html",
         "nodeId": 6,
         "nodeName": "HTML",
         "nodeType": 1,
         "nodeValue": "",
         "parentId": 5
      } ],
      "documentURL": "data:,",
      "localName": "",
      "nodeId": 5,
      "nodeName": "#document",
      "nodeType": 9,
      "nodeValue": "",
      "xmlVersion": ""
   }
}
[1556683849.216][DEBUG]: DevTools WebSocket Response: DOM.getDocument (id=8) 2834246B4B664E3C5AC6E56E6B1322D8 {
   "root": {
      "backendNodeId": 5,
      "baseURL": "data:,",
      "childNodeCount": 1,
      "children": [ {
         "attributes": [  ],
         "backendNodeId": 6,
         "childNodeCount": 2,
         "children": [ {
            "attributes": [  ],
            "backendNodeId": 7,
            "childNodeCount": 0,
            "localName": "head",
            "nodeId": 11,
            "nodeName": "HEAD",
            "nodeType": 1,
            "nodeValue": "",
            "parentId": 10
         }, {
            "attributes": [  ],
            "backendNodeId": 8,
            "childNodeCount": 0,
            "localName": "body",
            "nodeId": 12,
            "nodeName": "BODY",
            "nodeType": 1,
            "nodeValue": "",
            "parentId": 10
         } ],
         "frameId": "2834246B4B664E3C5AC6E56E6B1322D8",
         "localName": "html",
         "nodeId": 10,
         "nodeName": "HTML",
         "nodeType": 1,
         "nodeValue": "",
         "parentId": 9
      } ],
      "documentURL": "data:,",
      "localName": "",
      "nodeId": 9,
      "nodeName": "#document",
      "nodeType": 9,
      "nodeValue": "",
      "xmlVersion": ""
   }
}
[1556683849.216][DEBUG]: DevTools WebSocket Command: Page.enable (id=9) 2834246B4B664E3C5AC6E56E6B1322D8 {

}
[1556683849.217][DEBUG]: DevTools WebSocket Response: Page.enable (id=9) 2834246B4B664E3C5AC6E56E6B1322D8 {

}
[1556683849.217][DEBUG]: DevTools WebSocket Command: Runtime.enable (id=10) 2834246B4B664E3C5AC6E56E6B1322D8 {

}
[1556683849.217][DEBUG]: DevTools WebSocket Response: Runtime.enable (id=10) 2834246B4B664E3C5AC6E56E6B1322D8 {

}
[1556683849.217][DEBUG]: DevTools WebSocket Command: Runtime.evaluate (id=11) 2834246B4B664E3C5AC6E56E6B1322D8 {
   "expression": "(function() { // Copyright (c) 2012 The Chromium Authors. All rights reserved.\n// Use of this source code is governed by a BSD-style license that can be\n// found in the LICENSE file.\n\n/**\n * Enum f...",
   "returnByValue": true
}
[1556683849.220][DEBUG]: DevTools WebSocket Response: Runtime.evaluate (id=11) 2834246B4B664E3C5AC6E56E6B1322D8 {
   "result": {
      "type": "object",
      "value": {
         "status": 0,
         "value": 1
      }
   }
}
[1556683849.220][INFO]: [79b7ee12b3ae8a203802e3f3466b3299] RESPONSE InitSession {
   "acceptInsecureCerts": false,
   "acceptSslCerts": false,
   "applicationCacheEnabled": false,
   "browserConnectionEnabled": false,
   "browserName": "chrome",
   "chrome": {
      "chromedriverVersion": "74.0.3729.6 (255758eccf3d244491b8a1317aa76e1ce10d57e9-refs/branch-heads/3729@{#29})",
      "userDataDir": "/var/folders/d7/m8k_ydj14z59c607g1_tvpvr0000gn/T/.com.google.Chrome.22o7iV"
   },
   "cssSelectorsEnabled": true,
   "databaseEnabled": false,
   "goog:chromeOptions": {
      "debuggerAddress": "localhost:51270"
   },
   "handlesAlerts": true,
   "hasTouchScreen": false,
   "javascriptEnabled": true,
   "locationContextEnabled": true,
   "mobileEmulationEnabled": false,
   "nativeEvents": true,
   "networkConnectionEnabled": false,
   "pageLoadStrategy": "normal",
   "platform": "Mac OS X",
   "proxy": {

   },
   "~~~": "..."
}
[1556683849.229][INFO]: [79b7ee12b3ae8a203802e3f3466b3299] COMMAND Navigate {
   "url": "http://localhost:3000"
}
[1556683849.229][INFO]: Waiting for pending navigations...
[1556683849.229][DEBUG]: DevTools WebSocket Command: Runtime.evaluate (id=12) 2834246B4B664E3C5AC6E56E6B1322D8 {
   "expression": "1"
}
[1556683849.230][DEBUG]: DevTools WebSocket Response: Runtime.evaluate (id=12) 2834246B4B664E3C5AC6E56E6B1322D8 {
   "result": {
      "description": "1",
      "type": "number",
      "value": 1
   }
}
[1556683849.230][INFO]: Done waiting for pending navigations. Status: ok
[1556683849.230][DEBUG]: DevTools WebSocket Command: Page.navigate (id=13) 2834246B4B664E3C5AC6E56E6B1322D8 {
   "url": "http://localhost:3000"
}
[1556683849.248][DEBUG]: DevTools WebSocket Response: Page.navigate (id=13) 2834246B4B664E3C5AC6E56E6B1322D8 {
   "errorText": "net::ERR_CONNECTION_REFUSED",
   "frameId": "2834246B4B664E3C5AC6E56E6B1322D8",
   "loaderId": "D322FC241F2CEE8C1D209123D7B8AD6A"
}
[1556683849.248][DEBUG]: DevTools WebSocket Command: Runtime.evaluate (id=14) 2834246B4B664E3C5AC6E56E6B1322D8 {
   "expression": "document.URL"
}
[1556683849.327][DEBUG]: DevTools WebSocket Event: Runtime.executionContextsCleared 2834246B4B664E3C5AC6E56E6B1322D8 {

}
[1556683849.349][DEBUG]: DevTools WebSocket Event: Page.frameStartedLoading 2834246B4B664E3C5AC6E56E6B1322D8 {
   "frameId": "2834246B4B664E3C5AC6E56E6B1322D8"
}
[1556683849.349][DEBUG]: DevTools WebSocket Event: Runtime.executionContextsCleared 2834246B4B664E3C5AC6E56E6B1322D8 {

}
[1556683849.349][DEBUG]: DevTools WebSocket Event: Page.frameNavigated 2834246B4B664E3C5AC6E56E6B1322D8 {
   "frame": {
      "id": "2834246B4B664E3C5AC6E56E6B1322D8",
      "loaderId": "256B4F6D27E0FD08EAF02F529B7C7A9E",
      "mimeType": "text/html",
      "securityOrigin": "://",
      "unreachableUrl": "http://localhost:3000/",
      "url": "chrome-error://chromewebdata/"
   }
}
[1556683849.349][DEBUG]: DevTools WebSocket Event: Runtime.executionContextCreated 2834246B4B664E3C5AC6E56E6B1322D8 {
   "context": {
      "auxData": {
         "frameId": "2834246B4B664E3C5AC6E56E6B1322D8",
         "isDefault": true,
         "type": "default"
      },
      "id": 1,
      "name": "",
      "origin": "://"
   }
}
[1556683849.349][DEBUG]: DevTools WebSocket Event: DOM.documentUpdated 2834246B4B664E3C5AC6E56E6B1322D8 {

}
[1556683849.349][DEBUG]: DevTools WebSocket Command: DOM.getDocument (id=15) 2834246B4B664E3C5AC6E56E6B1322D8 {

}
[1556683849.350][DEBUG]: DevTools WebSocket Response: Runtime.evaluate (id=14) 2834246B4B664E3C5AC6E56E6B1322D8 {
   "result": {
      "type": "string",
      "value": "chrome-error://chromewebdata/"
   }
}
[1556683849.353][DEBUG]: DevTools WebSocket Response: DOM.getDocument (id=15) 2834246B4B664E3C5AC6E56E6B1322D8 {
   "root": {
      "backendNodeId": 1,
      "baseURL": "chrome-error://chromewebdata/",
      "childNodeCount": 0,
      "children": [  ],
      "documentURL": "chrome-error://chromewebdata/",
      "localName": "",
      "nodeId": 1,
      "nodeName": "#document",
      "nodeType": 9,
      "nodeValue": "",
      "xmlVersion": ""
   }
}
[1556683849.353][INFO]: Waiting for pending navigations...
[1556683849.353][DEBUG]: DevTools WebSocket Command: Runtime.evaluate (id=16) 2834246B4B664E3C5AC6E56E6B1322D8 {
   "expression": "1"
}
[1556683849.367][DEBUG]: DevTools WebSocket Event: DOM.childNodeInserted 2834246B4B664E3C5AC6E56E6B1322D8 {
   "node": {
      "backendNodeId": 2,
      "localName": "",
      "nodeId": 2,
      "nodeName": "html",
      "nodeType": 10,
      "nodeValue": "",
      "publicId": "",
      "systemId": ""
   },
   "parentNodeId": 1,
   "previousNodeId": 0
}
[1556683849.367][DEBUG]: DevTools WebSocket Event: DOM.childNodeInserted 2834246B4B664E3C5AC6E56E6B1322D8 {
   "node": {
      "attributes": [ "dir", "ltr", "lang", "en" ],
      "backendNodeId": 3,
      "childNodeCount": 0,
      "frameId": "2834246B4B664E3C5AC6E56E6B1322D8",
      "localName": "html",
      "nodeId": 3,
      "nodeName": "HTML",
      "nodeType": 1,
      "nodeValue": ""
   },
   "parentNodeId": 1,
   "previousNodeId": 2
}
[1556683849.367][DEBUG]: DevTools WebSocket Event: DOM.childNodeCountUpdated 2834246B4B664E3C5AC6E56E6B1322D8 {
   "childNodeCount": 1,
   "nodeId": 3
}
[1556683849.367][DEBUG]: DevTools WebSocket Event: DOM.childNodeCountUpdated 2834246B4B664E3C5AC6E56E6B1322D8 {
   "childNodeCount": 2,
   "nodeId": 3
}
[1556683849.367][DEBUG]: DevTools WebSocket Response: Runtime.evaluate (id=16) 2834246B4B664E3C5AC6E56E6B1322D8 {
   "result": {
      "description": "1",
      "type": "number",
      "value": 1
   }
}
[1556683849.445][DEBUG]: DevTools WebSocket Event: DOM.attributeModified 2834246B4B664E3C5AC6E56E6B1322D8 {
   "name": "i18n-processed",
   "nodeId": 3,
   "value": ""
}
[1556683849.445][DEBUG]: DevTools WebSocket Event: DOM.documentUpdated 2834246B4B664E3C5AC6E56E6B1322D8 {

}
[1556683849.445][DEBUG]: DevTools WebSocket Command: DOM.getDocument (id=17) 2834246B4B664E3C5AC6E56E6B1322D8 {

}
[1556683849.445][DEBUG]: DevTools WebSocket Event: Page.domContentEventFired 2834246B4B664E3C5AC6E56E6B1322D8 {
   "timestamp": 404129.097733
}
[1556683849.461][DEBUG]: DevTools WebSocket Event: Page.loadEventFired 2834246B4B664E3C5AC6E56E6B1322D8 {
   "timestamp": 404129.098603
}
[1556683849.461][DEBUG]: DevTools WebSocket Event: Page.frameStoppedLoading 2834246B4B664E3C5AC6E56E6B1322D8 {
   "frameId": "2834246B4B664E3C5AC6E56E6B1322D8"
}
[1556683849.461][DEBUG]: DevTools WebSocket Response: DOM.getDocument (id=17) 2834246B4B664E3C5AC6E56E6B1322D8 {
   "root": {
      "backendNodeId": 1,
      "baseURL": "chrome-error://chromewebdata/",
      "childNodeCount": 2,
      "children": [ {
         "backendNodeId": 2,
         "localName": "",
         "nodeId": 5,
         "nodeName": "html",
         "nodeType": 10,
         "nodeValue": "",
         "parentId": 4,
         "publicId": "",
         "systemId": ""
      }, {
         "attributes": [ "dir", "ltr", "lang", "en", "i18n-processed", "" ],
         "backendNodeId": 3,
         "childNodeCount": 2,
         "children": [ {
            "attributes": [  ],
            "backendNodeId": 4,
            "childNodeCount": 11,
            "localName": "head",
            "nodeId": 7,
            "nodeName": "HEAD",
            "nodeType": 1,
            "nodeValue": "",
            "parentId": 6
         }, {
            "attributes": [ "id", "t", "style", "font-family: system-ui, sans-serif; font-size: 75%", "jstcache", "0", "class", "neterror" ],
            "backendNodeId": 5,
            "childNodeCount": 8,
            "localName": "body",
            "nodeId": 8,
            "nodeName": "BODY",
            "nodeType": 1,
            "nodeValue": "",
            "parentId": 6
         } ],
         "frameId": "2834246B4B664E3C5AC6E56E6B1322D8",
         "localName": "html",
         "nodeId": 6,
         "nodeName": "HTML",
         "nodeType": 1,
         "nodeValue": "",
         "parentId": 4
      } ],
      "documentURL": "chrome-error://chromewebdata/",
      "localName": "",
      "nodeId": 4,
      "nodeName": "#document",
      "nodeType": 9,
      "nodeValue": "",
      "xmlVersion": ""
   }
}
[1556683849.462][DEBUG]: DevTools WebSocket Command: Runtime.evaluate (id=18) 2834246B4B664E3C5AC6E56E6B1322D8 {
   "expression": "1"
}
[1556683849.463][DEBUG]: DevTools WebSocket Response: Runtime.evaluate (id=18) 2834246B4B664E3C5AC6E56E6B1322D8 {
   "result": {
      "description": "1",
      "type": "number",
      "value": 1
   }
}
[1556683849.463][INFO]: Done waiting for pending navigations. Status: ok
[1556683849.463][INFO]: [79b7ee12b3ae8a203802e3f3466b3299] RESPONSE Navigate
[1556683849.467][INFO]: [79b7ee12b3ae8a203802e3f3466b3299] COMMAND FindElements {
   "using": "css selector",
   "value": "body"
}
[1556683849.467][INFO]: Waiting for pending navigations...
[1556683849.467][DEBUG]: DevTools WebSocket Command: Runtime.evaluate (id=19) 2834246B4B664E3C5AC6E56E6B1322D8 {
   "expression": "1"
}
[1556683849.471][DEBUG]: DevTools WebSocket Response: Runtime.evaluate (id=19) 2834246B4B664E3C5AC6E56E6B1322D8 {
   "result": {
      "description": "1",
      "type": "number",
      "value": 1
   }
}
[1556683849.471][INFO]: Done waiting for pending navigations. Status: ok
[1556683849.473][DEBUG]: DevTools WebSocket Command: Runtime.evaluate (id=20) 2834246B4B664E3C5AC6E56E6B1322D8 {
   "expression": "(function() { // Copyright (c) 2012 The Chromium Authors. All rights reserved.\n// Use of this source code is governed by a BSD-style license that can be\n// found in the LICENSE file.\n\n/**\n * Enum f...",
   "returnByValue": true
}
[1556683849.481][DEBUG]: DevTools WebSocket Response: Runtime.evaluate (id=20) 2834246B4B664E3C5AC6E56E6B1322D8 {
   "result": {
      "type": "object",
      "value": {
         "status": 0,
         "value": [ {
            "ELEMENT": "0.6861383015648344-1"
         } ]
      }
   }
}
[1556683849.481][INFO]: Waiting for pending navigations...
[1556683849.481][DEBUG]: DevTools WebSocket Command: Runtime.evaluate (id=21) 2834246B4B664E3C5AC6E56E6B1322D8 {
   "expression": "1"
}
[1556683849.481][DEBUG]: DevTools WebSocket Response: Runtime.evaluate (id=21) 2834246B4B664E3C5AC6E56E6B1322D8 {
   "result": {
      "description": "1",
      "type": "number",
      "value": 1
   }
}
[1556683849.481][INFO]: Done waiting for pending navigations. Status: ok
[1556683849.481][INFO]: [79b7ee12b3ae8a203802e3f3466b3299] RESPONSE FindElements [ {
   "ELEMENT": "0.6861383015648344-1"
} ]
[1556683849.484][INFO]: [79b7ee12b3ae8a203802e3f3466b3299] COMMAND IsElementDisplayed {
   "id": "0.6861383015648344-1"
}
[1556683849.484][INFO]: Waiting for pending navigations...
[1556683849.484][DEBUG]: DevTools WebSocket Command: Runtime.evaluate (id=22) 2834246B4B664E3C5AC6E56E6B1322D8 {
   "expression": "1"
}
[1556683849.484][DEBUG]: DevTools WebSocket Response: Runtime.evaluate (id=22) 2834246B4B664E3C5AC6E56E6B1322D8 {
   "result": {
      "description": "1",
      "type": "number",
      "value": 1
   }
}
[1556683849.485][INFO]: Done waiting for pending navigations. Status: ok
[1556683849.486][DEBUG]: DevTools WebSocket Command: Runtime.evaluate (id=23) 2834246B4B664E3C5AC6E56E6B1322D8 {
   "expression": "(function() { // Copyright (c) 2012 The Chromium Authors. All rights reserved.\n// Use of this source code is governed by a BSD-style license that can be\n// found in the LICENSE file.\n\n/**\n * Enum f...",
   "returnByValue": true
}
[1556683849.492][DEBUG]: DevTools WebSocket Response: Runtime.evaluate (id=23) 2834246B4B664E3C5AC6E56E6B1322D8 {
   "result": {
      "type": "object",
      "value": {
         "status": 0,
         "value": true
      }
   }
}
[1556683849.492][INFO]: Waiting for pending navigations...
[1556683849.492][DEBUG]: DevTools WebSocket Command: Runtime.evaluate (id=24) 2834246B4B664E3C5AC6E56E6B1322D8 {
   "expression": "1"
}
[1556683849.493][DEBUG]: DevTools WebSocket Response: Runtime.evaluate (id=24) 2834246B4B664E3C5AC6E56E6B1322D8 {
   "result": {
      "description": "1",
      "type": "number",
      "value": 1
   }
}
[1556683849.493][INFO]: Done waiting for pending navigations. Status: ok
[1556683849.493][INFO]: [79b7ee12b3ae8a203802e3f3466b3299] RESPONSE IsElementDisplayed true
[1556683849.498][INFO]: [79b7ee12b3ae8a203802e3f3466b3299] COMMAND Quit {

}
[1556683849.549][INFO]: [79b7ee12b3ae8a203802e3f3466b3299] RESPONSE Quit
[1556683849.549][DEBUG]: Log type 'driver' lost 0 entries on destruction
[1556683849.549][DEBUG]: Log type 'browser' lost 0 entries on destruction
